# JRE version: Java(TM) SE Runtime Environment (7.0_80-b15) (build 1.7.0_80-b15)
# Java VM: Java HotSpot(TM) 64-Bit Server VM (24.80-b11 mixed mode linux-amd64 compressed oops)
Heap
 def new generation   total 226176K, used 0K [0x00000000bd600000, 0x00000000ccb60000, 0x00000000d1e00000)
  eden space 201088K,   0% used [0x00000000bd600000, 0x00000000bd600000, 0x00000000c9a60000)
  from space 25088K,   0% used [0x00000000c9a60000, 0x00000000c9a60000, 0x00000000cb2e0000)
  to   space 25088K,   0% used [0x00000000cb2e0000, 0x00000000cb2e0000, 0x00000000ccb60000)
 tenured generation   total 502372K, used 340491K [0x00000000d1e00000, 0x00000000f0899000, 0x00000000fae00000)
   the space 502372K,  67% used [0x00000000d1e00000, 0x00000000e6a82fb8, 0x00000000e6a83000, 0x00000000f0899000)
 compacting perm gen  total 79040K, used 79039K [0x00000000fae00000, 0x00000000ffb30000, 0x0000000100000000)
   the space 79040K,  99% used [0x00000000fae00000, 0x00000000ffb2ffc8, 0x00000000ffb30000, 0x00000000ffb30000)
GC Heap History (10 events):
Event: 106.847 GC heap after
Heap after GC invocations=97 (full 10):
 def new generation   total 198656K, used 20001K [0x00000000bd600000, 0x00000000cad80000, 0x00000000d1e00000)
  eden space 176640K,   0% used [0x00000000bd600000, 0x00000000bd600000, 0x00000000c8280000)
  from space 22016K,  90% used [0x00000000c8280000, 0x00000000c9608698, 0x00000000c9800000)
  to   space 22016K,   0% used [0x00000000c9800000, 0x00000000c9800000, 0x00000000cad80000)
 tenured generation   total 441220K, used 281775K [0x00000000d1e00000, 0x00000000ecce1000, 0x00000000fae00000)
   the space 441220K,  63% used [0x00000000d1e00000, 0x00000000e312bf70, 0x00000000e312c000, 0x00000000ecce1000)
 compacting perm gen  total 67200K, used 67171K [0x00000000fae00000, 0x00000000fefa0000, 0x0000000100000000)
   the space 67200K,  99% used [0x00000000fae00000, 0x00000000fef98d18, 0x00000000fef98e00, 0x00000000fefa0000)
No shared spaces configured.
}
Event: 108.080 GC heap before
{Heap before GC invocations=97 (full 10):
 def new generation   total 198656K, used 99877K [0x00000000bd600000, 0x00000000cad80000, 0x00000000d1e00000)
  eden space 176640K,  45% used [0x00000000bd600000, 0x00000000c2400e28, 0x00000000c8280000)
  from space 22016K,  90% used [0x00000000c8280000, 0x00000000c9608698, 0x00000000c9800000)
  to   space 22016K,   0% used [0x00000000c9800000, 0x00000000c9800000, 0x00000000cad80000)
 tenured generation   total 441220K, used 281775K [0x00000000d1e00000, 0x00000000ecce1000, 0x00000000fae00000)
   the space 441220K,  63% used [0x00000000d1e00000, 0x00000000e312bf70, 0x00000000e312c000, 0x00000000ecce1000)
 compacting perm gen  total 68160K, used 68153K [0x00000000fae00000, 0x00000000ff090000, 0x0000000100000000)
   the space 68160K,  99% used [0x00000000fae00000, 0x00000000ff08e528, 0x00000000ff08e600, 0x00000000ff090000)
No shared spaces configured.
Event: 108.680 GC heap after
Heap after GC invocations=98 (full 11):
 def new generation   total 223488K, used 0K [0x00000000bd600000, 0x00000000cc880000, 0x00000000d1e00000)
  eden space 198656K,   0% used [0x00000000bd600000, 0x00000000bd600000, 0x00000000c9800000)
  from space 24832K,   0% used [0x00000000c9800000, 0x00000000c9800000, 0x00000000cb040000)
  to   space 24832K,   0% used [0x00000000cb040000, 0x00000000cb040000, 0x00000000cc880000)
 tenured generation   total 496556K, used 297932K [0x00000000d1e00000, 0x00000000f02eb000, 0x00000000fae00000)
   the space 496556K,  59% used [0x00000000d1e00000, 0x00000000e40f3390, 0x00000000e40f3400, 0x00000000f02eb000)
 compacting perm gen  total 68160K, used 68153K [0x00000000fae00000, 0x00000000ff090000, 0x0000000100000000)
   the space 68160K,  99% used [0x00000000fae00000, 0x00000000ff08e528, 0x00000000ff08e600, 0x00000000ff090000)
No shared spaces configured.
}
Event: 111.296 GC heap before
{Heap before GC invocations=98 (full 11):
 def new generation   total 223488K, used 198656K [0x00000000bd600000, 0x00000000cc880000, 0x00000000d1e00000)
  eden space 198656K, 100% used [0x00000000bd600000, 0x00000000c9800000, 0x00000000c9800000)
  from space 24832K,   0% used [0x00000000c9800000, 0x00000000c9800000, 0x00000000cb040000)
  to   space 24832K,   0% used [0x00000000cb040000, 0x00000000cb040000, 0x00000000cc880000)
 tenured generation   total 496556K, used 297932K [0x00000000d1e00000, 0x00000000f02eb000, 0x00000000fae00000)
   the space 496556K,  59% used [0x00000000d1e00000, 0x00000000e40f3390, 0x00000000e40f3400, 0x00000000f02eb000)
 compacting perm gen  total 73600K, used 73599K [0x00000000fae00000, 0x00000000ff5e0000, 0x0000000100000000)
   the space 73600K,  99% used [0x00000000fae00000, 0x00000000ff5dffc0, 0x00000000ff5e0000, 0x00000000ff5e0000)
No shared spaces configured.
Event: 112.056 GC heap after
Heap after GC invocations=99 (full 12):
 def new generation   total 226176K, used 0K [0x00000000bd600000, 0x00000000ccb60000, 0x00000000d1e00000)
  eden space 201088K,   0% used [0x00000000bd600000, 0x00000000bd600000, 0x00000000c9a60000)
  from space 25088K,   0% used [0x00000000c9a60000, 0x00000000c9a60000, 0x00000000cb2e0000)
  to   space 25088K,   0% used [0x00000000cb2e0000, 0x00000000cb2e0000, 0x00000000ccb60000)
 tenured generation   total 502372K, used 301422K [0x00000000d1e00000, 0x00000000f0899000, 0x00000000fae00000)
   the space 502372K,  59% used [0x00000000d1e00000, 0x00000000e445bb20, 0x00000000e445bc00, 0x00000000f0899000)
 compacting perm gen  total 73600K, used 73489K [0x00000000fae00000, 0x00000000ff5e0000, 0x0000000100000000)
   the space 73600K,  99% used [0x00000000fae00000, 0x00000000ff5c47f0, 0x00000000ff5c4800, 0x00000000ff5e0000)
No shared spaces configured.
}
Event: 117.045 GC heap before
{Heap before GC invocations=99 (full 12):
 def new generation   total 226176K, used 201088K [0x00000000bd600000, 0x00000000ccb60000, 0x00000000d1e00000)
  eden space 201088K, 100% used [0x00000000bd600000, 0x00000000c9a60000, 0x00000000c9a60000)
  from space 25088K,   0% used [0x00000000c9a60000, 0x00000000c9a60000, 0x00000000cb2e0000)
  to   space 25088K,   0% used [0x00000000cb2e0000, 0x00000000cb2e0000, 0x00000000ccb60000)
 tenured generation   total 502372K, used 301422K [0x00000000d1e00000, 0x00000000f0899000, 0x00000000fae00000)
   the space 502372K,  59% used [0x00000000d1e00000, 0x00000000e445bb20, 0x00000000e445bc00, 0x00000000f0899000)
 compacting perm gen  total 77120K, used 77059K [0x00000000fae00000, 0x00000000ff950000, 0x0000000100000000)
   the space 77120K,  99% used [0x00000000fae00000, 0x00000000ff940ff0, 0x00000000ff941000, 0x00000000ff950000)
No shared spaces configured.
Event: 117.229 GC heap after
Heap after GC invocations=100 (full 12):
 def new generation   total 226176K, used 25088K [0x00000000bd600000, 0x00000000ccb60000, 0x00000000d1e00000)
  eden space 201088K,   0% used [0x00000000bd600000, 0x00000000bd600000, 0x00000000c9a60000)
  from space 25088K, 100% used [0x00000000cb2e0000, 0x00000000ccb60000, 0x00000000ccb60000)
  to   space 25088K,   0% used [0x00000000c9a60000, 0x00000000c9a60000, 0x00000000cb2e0000)
 tenured generation   total 502372K, used 306461K [0x00000000d1e00000, 0x00000000f0899000, 0x00000000fae00000)
   the space 502372K,  61% used [0x00000000d1e00000, 0x00000000e49476d0, 0x00000000e4947800, 0x00000000f0899000)
 compacting perm gen  total 77120K, used 77059K [0x00000000fae00000, 0x00000000ff950000, 0x0000000100000000)
   the space 77120K,  99% used [0x00000000fae00000, 0x00000000ff940ff0, 0x00000000ff941000, 0x00000000ff950000)
No shared spaces configured.
}
Event: 196.337 GC heap before
{Heap before GC invocations=100 (full 12):
 def new generation   total 226176K, used 226176K [0x00000000bd600000, 0x00000000ccb60000, 0x00000000d1e00000)
  eden space 201088K, 100% used [0x00000000bd600000, 0x00000000c9a60000, 0x00000000c9a60000)
  from space 25088K, 100% used [0x00000000cb2e0000, 0x00000000ccb60000, 0x00000000ccb60000)
  to   space 25088K,   0% used [0x00000000c9a60000, 0x00000000c9a60000, 0x00000000cb2e0000)
 tenured generation   total 502372K, used 306461K [0x00000000d1e00000, 0x00000000f0899000, 0x00000000fae00000)
   the space 502372K,  61% used [0x00000000d1e00000, 0x00000000e49476d0, 0x00000000e4947800, 0x00000000f0899000)
 compacting perm gen  total 79040K, used 78745K [0x00000000fae00000, 0x00000000ffb30000, 0x0000000100000000)
   the space 79040K,  99% used [0x00000000fae00000, 0x00000000ffae6708, 0x00000000ffae6800, 0x00000000ffb30000)
No shared spaces configured.
Event: 196.442 GC heap after
Heap after GC invocations=101 (full 12):
 def new generation   total 226176K, used 14627K [0x00000000bd600000, 0x00000000ccb60000, 0x00000000d1e00000)
  eden space 201088K,   0% used [0x00000000bd600000, 0x00000000bd600000, 0x00000000c9a60000)
  from space 25088K,  58% used [0x00000000c9a60000, 0x00000000ca8a8ca0, 0x00000000cb2e0000)
  to   space 25088K,   0% used [0x00000000cb2e0000, 0x00000000cb2e0000, 0x00000000ccb60000)
 tenured generation   total 502372K, used 330522K [0x00000000d1e00000, 0x00000000f0899000, 0x00000000fae00000)
   the space 502372K,  65% used [0x00000000d1e00000, 0x00000000e60c6be8, 0x00000000e60c6c00, 0x00000000f0899000)
 compacting perm gen  total 79040K, used 78745K [0x00000000fae00000, 0x00000000ffb30000, 0x0000000100000000)
   the space 79040K,  99% used [0x00000000fae00000, 0x00000000ffae6708, 0x00000000ffae6800, 0x00000000ffb30000)
No shared spaces configured.
}
Event: 196.463 GC heap before
{Heap before GC invocations=101 (full 12):
 def new generation   total 226176K, used 18004K [0x00000000bd600000, 0x00000000ccb60000, 0x00000000d1e00000)
  eden space 201088K,   1% used [0x00000000bd600000, 0x00000000bd94c400, 0x00000000c9a60000)
  from space 25088K,  58% used [0x00000000c9a60000, 0x00000000ca8a8ca0, 0x00000000cb2e0000)
  to   space 25088K,   0% used [0x00000000cb2e0000, 0x00000000cb2e0000, 0x00000000ccb60000)
 tenured generation   total 502372K, used 330522K [0x00000000d1e00000, 0x00000000f0899000, 0x00000000fae00000)
   the space 502372K,  65% used [0x00000000d1e00000, 0x00000000e60c6be8, 0x00000000e60c6c00, 0x00000000f0899000)
 compacting perm gen  total 79040K, used 79039K [0x00000000fae00000, 0x00000000ffb30000, 0x0000000100000000)
   the space 79040K,  99% used [0x00000000fae00000, 0x00000000ffb2ffc8, 0x00000000ffb30000, 0x00000000ffb30000)
No shared spaces configured.

